[debug] [2022-07-23T13:51:58.385Z] ----------------------------------------------------------------------
[debug] [2022-07-23T13:51:58.386Z] Command:       C:\Program Files\nodejs\node.exe C:\Users\Sebastian\AppData\Roaming\npm\node_modules\firebase-tools\lib\bin\firebase.js emulators:start --only functions
[debug] [2022-07-23T13:51:58.387Z] CLI Version:   10.0.1
[debug] [2022-07-23T13:51:58.387Z] Platform:      win32
[debug] [2022-07-23T13:51:58.387Z] Node Version:  v16.13.0
[debug] [2022-07-23T13:51:58.388Z] Time:          Sat Jul 23 2022 10:51:58 GMT-0300 (hora estándar de Argentina)
[debug] [2022-07-23T13:51:58.388Z] ----------------------------------------------------------------------
[debug] 
[debug] [2022-07-23T13:51:58.466Z] Object ".functions" in "firebase.json" has unknown property: {"additionalProperty":"emulators"}
[debug] [2022-07-23T13:51:58.471Z] > command requires scopes: ["email","openid","https://www.googleapis.com/auth/cloudplatformprojects.readonly","https://www.googleapis.com/auth/firebase","https://www.googleapis.com/auth/cloud-platform"]
[debug] [2022-07-23T13:51:58.471Z] > authorizing via signed-in user (sebast.velo@gmail.com)
[info] i  emulators: Starting emulators: functions {"metadata":{"emulator":{"name":"hub"},"message":"Starting emulators: functions"}}
[debug] [2022-07-23T13:51:58.503Z] [hub] writing locator at C:\Users\SEBAST~1\AppData\Local\Temp\hub-internetfilmdb.json
[warn] !  functions: The following emulators are not running, calls to these services from the Functions emulator will affect production: auth, firestore, database, hosting, pubsub, storage {"metadata":{"emulator":{"name":"functions"},"message":"The following emulators are not running, calls to these services from the Functions emulator will affect production: \u001b[1mauth, firestore, database, hosting, pubsub, storage\u001b[22m"}}
[warn] !  Your requested "node" version "14" doesn't match your global version "16" {"metadata":{"emulator":{"name":"functions"},"message":"Your requested \"node\" version \"14\" doesn't match your global version \"16\""}}
[debug] [2022-07-23T13:51:58.544Z] defaultcredentials: writing to file C:\Users\Sebastian\AppData\Roaming\firebase\sebast_velo_gmail.com_application_default_credentials.json
[debug] [2022-07-23T13:51:58.553Z] Setting GAC to C:\Users\Sebastian\AppData\Roaming\firebase\sebast_velo_gmail.com_application_default_credentials.json {"metadata":{"emulator":{"name":"functions"},"message":"Setting GAC to C:\\Users\\Sebastian\\AppData\\Roaming\\firebase\\sebast_velo_gmail.com_application_default_credentials.json"}}
[debug] [2022-07-23T13:51:58.555Z] > refreshing access token with scopes: []
[debug] [2022-07-23T13:51:58.556Z] >>> HTTP REQUEST POST https://www.googleapis.com/oauth2/v3/token  
 <request body omitted>
[debug] [2022-07-23T13:51:58.717Z] <<< HTTP RESPONSE 200 {"pragma":"no-cache","cache-control":"no-cache, no-store, max-age=0, must-revalidate","expires":"Mon, 01 Jan 1990 00:00:00 GMT","date":"Sat, 23 Jul 2022 13:51:58 GMT","content-type":"application/json; charset=utf-8","vary":"X-Origin, Referer, Origin,Accept-Encoding","server":"scaffolding on HTTPServer2","x-xss-protection":"0","x-frame-options":"SAMEORIGIN","x-content-type-options":"nosniff","alt-svc":"h3=\":443\"; ma=2592000,h3-29=\":443\"; ma=2592000,h3-Q050=\":443\"; ma=2592000,h3-Q046=\":443\"; ma=2592000,h3-Q043=\":443\"; ma=2592000,quic=\":443\"; ma=2592000; v=\"46,43\"","accept-ranges":"none","transfer-encoding":"chunked"}
[debug] [2022-07-23T13:51:58.738Z] >>> [apiv2][query] GET https://firebase.googleapis.com/v1beta1/projects/internetfilmdb/adminSdkConfig [none]
[debug] [2022-07-23T13:51:59.791Z] <<< [apiv2][status] GET https://firebase.googleapis.com/v1beta1/projects/internetfilmdb/adminSdkConfig 200
[debug] [2022-07-23T13:51:59.791Z] <<< [apiv2][body] GET https://firebase.googleapis.com/v1beta1/projects/internetfilmdb/adminSdkConfig {"projectId":"internetfilmdb","storageBucket":"internetfilmdb.appspot.com"}
[debug] [2022-07-23T13:51:59.811Z] Ignoring unsupported arg: auto_download {"metadata":{"emulator":{"name":"ui"},"message":"Ignoring unsupported arg: auto_download"}}
[debug] [2022-07-23T13:51:59.811Z] Ignoring unsupported arg: port {"metadata":{"emulator":{"name":"ui"},"message":"Ignoring unsupported arg: port"}}
[debug] [2022-07-23T13:51:59.811Z] Starting Emulator UI with command {"binary":"node","args":["C:\\Users\\Sebastian\\.cache\\firebase\\emulators\\ui-v1.6.4\\server.bundle.js"],"optionalArgs":[],"joinArgs":false} {"metadata":{"emulator":{"name":"ui"},"message":"Starting Emulator UI with command {\"binary\":\"node\",\"args\":[\"C:\\\\Users\\\\Sebastian\\\\.cache\\\\firebase\\\\emulators\\\\ui-v1.6.4\\\\server.bundle.js\"],\"optionalArgs\":[],\"joinArgs\":false}"}}
[info] i  ui: Emulator UI logging to ui-debug.log {"metadata":{"emulator":{"name":"ui"},"message":"Emulator UI logging to \u001b[1mui-debug.log\u001b[22m"}}
[debug] [2022-07-23T13:52:00.032Z] Web / API server started at localhost:4000
 {"metadata":{"emulator":{"name":"ui"},"message":"Web / API server started at localhost:4000\n"}}
[info] i  functions: Watching "C:\Users\Sebastian\Desktop\Sebastian\workspaces\side-projects\ts\ifdb-backend\functions" for Cloud Functions... {"metadata":{"emulator":{"name":"functions"},"message":"Watching \"C:\\Users\\Sebastian\\Desktop\\Sebastian\\workspaces\\side-projects\\ts\\ifdb-backend\\functions\" for Cloud Functions..."}}
[debug] [2022-07-23T13:52:00.111Z] [worker-pool] addWorker(~diagnostic~) {"metadata":{"emulator":{"name":"functions"},"message":"[worker-pool] addWorker(~diagnostic~)"}}
[debug] [2022-07-23T13:52:00.112Z] [worker-pool] Adding worker with key ~diagnostic~, total=1 {"metadata":{"emulator":{"name":"functions"},"message":"[worker-pool] Adding worker with key ~diagnostic~, total=1"}}
[debug] [2022-07-23T13:52:00.112Z] [worker-pool] submitWork(triggerId=) {"metadata":{"emulator":{"name":"functions"},"message":"[worker-pool] submitWork(triggerId=)"}}
[debug] [2022-07-23T13:52:00.112Z] [worker-~diagnostic~-47c4b647-6785-433b-8f01-6e4482d81371]: Assigning socketPath: \\?\pipe\C:\Users\Sebastian\Desktop\Sebastian\workspaces\side-projects\ts\ifdb-backend\functions\30352 {"metadata":{"emulator":{"name":"functions"},"message":"[worker-~diagnostic~-47c4b647-6785-433b-8f01-6e4482d81371]: Assigning socketPath: \\\\?\\pipe\\C:\\Users\\Sebastian\\Desktop\\Sebastian\\workspaces\\side-projects\\ts\\ifdb-backend\\functions\\30352"}}
[debug] [2022-07-23T13:52:00.112Z] [worker-~diagnostic~-47c4b647-6785-433b-8f01-6e4482d81371]: BUSY {"metadata":{"emulator":{"name":"functions"},"message":"[worker-~diagnostic~-47c4b647-6785-433b-8f01-6e4482d81371]: BUSY"}}
