[debug] [2022-11-12T22:51:53.371Z] ----------------------------------------------------------------------
[debug] [2022-11-12T22:51:53.373Z] Command:       C:\Program Files\nodejs\node.exe C:\Users\Sebastian\AppData\Roaming\npm\node_modules\firebase-tools\lib\bin\firebase.js emulators:start --only functions
[debug] [2022-11-12T22:51:53.373Z] CLI Version:   10.0.1
[debug] [2022-11-12T22:51:53.373Z] Platform:      win32
[debug] [2022-11-12T22:51:53.374Z] Node Version:  v16.13.0
[debug] [2022-11-12T22:51:53.375Z] Time:          Sat Nov 12 2022 19:51:53 GMT-0300 (hora estándar de Argentina)
[debug] [2022-11-12T22:51:53.375Z] ----------------------------------------------------------------------
[debug] 
[debug] [2022-11-12T22:51:53.436Z] Object ".functions" in "firebase.json" has unknown property: {"additionalProperty":"emulators"}
[debug] [2022-11-12T22:51:53.442Z] > command requires scopes: ["email","openid","https://www.googleapis.com/auth/cloudplatformprojects.readonly","https://www.googleapis.com/auth/firebase","https://www.googleapis.com/auth/cloud-platform"]
[debug] [2022-11-12T22:51:53.442Z] > authorizing via signed-in user (sebast.velo@gmail.com)
[info] i  emulators: Starting emulators: functions {"metadata":{"emulator":{"name":"hub"},"message":"Starting emulators: functions"}}
[debug] [2022-11-12T22:51:53.470Z] [hub] writing locator at C:\Users\SEBAST~1\AppData\Local\Temp\hub-filmaholiks.json
[warn] !  functions: The following emulators are not running, calls to these services from the Functions emulator will affect production: auth, firestore, database, hosting, pubsub, storage {"metadata":{"emulator":{"name":"functions"},"message":"The following emulators are not running, calls to these services from the Functions emulator will affect production: \u001b[1mauth, firestore, database, hosting, pubsub, storage\u001b[22m"}}
[warn] !  Your requested "node" version "14" doesn't match your global version "16" {"metadata":{"emulator":{"name":"functions"},"message":"Your requested \"node\" version \"14\" doesn't match your global version \"16\""}}
[debug] [2022-11-12T22:51:53.535Z] defaultcredentials: writing to file C:\Users\Sebastian\AppData\Roaming\firebase\sebast_velo_gmail.com_application_default_credentials.json
[debug] [2022-11-12T22:51:53.540Z] Setting GAC to C:\Users\Sebastian\AppData\Roaming\firebase\sebast_velo_gmail.com_application_default_credentials.json {"metadata":{"emulator":{"name":"functions"},"message":"Setting GAC to C:\\Users\\Sebastian\\AppData\\Roaming\\firebase\\sebast_velo_gmail.com_application_default_credentials.json"}}
[debug] [2022-11-12T22:51:53.542Z] >>> [apiv2][query] GET https://firebase.googleapis.com/v1beta1/projects/filmaholiks/adminSdkConfig [none]
[debug] [2022-11-12T22:51:53.977Z] <<< [apiv2][status] GET https://firebase.googleapis.com/v1beta1/projects/filmaholiks/adminSdkConfig 200
[debug] [2022-11-12T22:51:53.978Z] <<< [apiv2][body] GET https://firebase.googleapis.com/v1beta1/projects/filmaholiks/adminSdkConfig {"projectId":"filmaholiks","storageBucket":"filmaholiks.appspot.com","locationId":"us-central"}
[debug] [2022-11-12T22:51:53.995Z] Ignoring unsupported arg: auto_download {"metadata":{"emulator":{"name":"ui"},"message":"Ignoring unsupported arg: auto_download"}}
[debug] [2022-11-12T22:51:53.995Z] Ignoring unsupported arg: port {"metadata":{"emulator":{"name":"ui"},"message":"Ignoring unsupported arg: port"}}
[debug] [2022-11-12T22:51:53.995Z] Starting Emulator UI with command {"binary":"node","args":["C:\\Users\\Sebastian\\.cache\\firebase\\emulators\\ui-v1.6.4\\server.bundle.js"],"optionalArgs":[],"joinArgs":false} {"metadata":{"emulator":{"name":"ui"},"message":"Starting Emulator UI with command {\"binary\":\"node\",\"args\":[\"C:\\\\Users\\\\Sebastian\\\\.cache\\\\firebase\\\\emulators\\\\ui-v1.6.4\\\\server.bundle.js\"],\"optionalArgs\":[],\"joinArgs\":false}"}}
[info] i  ui: Emulator UI logging to ui-debug.log {"metadata":{"emulator":{"name":"ui"},"message":"Emulator UI logging to \u001b[1mui-debug.log\u001b[22m"}}
[debug] [2022-11-12T22:51:54.256Z] Web / API server started at localhost:4000
 {"metadata":{"emulator":{"name":"ui"},"message":"Web / API server started at localhost:4000\n"}}
[info] i  functions: Watching "C:\Users\Sebastian\Desktop\Sebastian\workspaces\side-projects\ts\ifdb-backend\functions" for Cloud Functions... {"metadata":{"emulator":{"name":"functions"},"message":"Watching \"C:\\Users\\Sebastian\\Desktop\\Sebastian\\workspaces\\side-projects\\ts\\ifdb-backend\\functions\" for Cloud Functions..."}}
[debug] [2022-11-12T22:51:54.289Z] [worker-pool] addWorker(~diagnostic~) {"metadata":{"emulator":{"name":"functions"},"message":"[worker-pool] addWorker(~diagnostic~)"}}
[debug] [2022-11-12T22:51:54.289Z] [worker-pool] Adding worker with key ~diagnostic~, total=1 {"metadata":{"emulator":{"name":"functions"},"message":"[worker-pool] Adding worker with key ~diagnostic~, total=1"}}
[debug] [2022-11-12T22:51:54.289Z] [worker-pool] submitWork(triggerId=) {"metadata":{"emulator":{"name":"functions"},"message":"[worker-pool] submitWork(triggerId=)"}}
[debug] [2022-11-12T22:51:54.290Z] [worker-~diagnostic~-f1afc18c-289a-4e1d-a4d8-cece8325f401]: Assigning socketPath: \\?\pipe\C:\Users\Sebastian\Desktop\Sebastian\workspaces\side-projects\ts\ifdb-backend\functions\19572 {"metadata":{"emulator":{"name":"functions"},"message":"[worker-~diagnostic~-f1afc18c-289a-4e1d-a4d8-cece8325f401]: Assigning socketPath: \\\\?\\pipe\\C:\\Users\\Sebastian\\Desktop\\Sebastian\\workspaces\\side-projects\\ts\\ifdb-backend\\functions\\19572"}}
[debug] [2022-11-12T22:51:54.291Z] [worker-~diagnostic~-f1afc18c-289a-4e1d-a4d8-cece8325f401]: BUSY {"metadata":{"emulator":{"name":"functions"},"message":"[worker-~diagnostic~-f1afc18c-289a-4e1d-a4d8-cece8325f401]: BUSY"}}
[debug] [2022-11-12T22:51:54.979Z] [runtime-status] [19572] Functions runtime initialized. {"cwd":"C:\\Users\\Sebastian\\Desktop\\Sebastian\\workspaces\\side-projects\\ts\\ifdb-backend\\functions","node_version":"16.13.0"} {"metadata":{"emulator":{"name":"functions"},"message":"[runtime-status] [19572] Functions runtime initialized. {\"cwd\":\"C:\\\\Users\\\\Sebastian\\\\Desktop\\\\Sebastian\\\\workspaces\\\\side-projects\\\\ts\\\\ifdb-backend\\\\functions\",\"node_version\":\"16.13.0\"}"}}
[debug] [2022-11-12T22:51:54.979Z] [runtime-status] [19572] Disabled runtime features: undefined {"metadata":{"emulator":{"name":"functions"},"message":"[runtime-status] [19572] Disabled runtime features: undefined"}}
[debug] [2022-11-12T22:51:54.979Z] [runtime-status] [19572] Resolved module firebase-admin {"declared":true,"installed":true,"version":"9.12.0","resolution":"C:\\Users\\Sebastian\\Desktop\\Sebastian\\workspaces\\side-projects\\ts\\ifdb-backend\\functions\\node_modules\\firebase-admin\\lib\\index.js"} {"metadata":{"emulator":{"name":"functions"},"message":"[runtime-status] [19572] Resolved module firebase-admin {\"declared\":true,\"installed\":true,\"version\":\"9.12.0\",\"resolution\":\"C:\\\\Users\\\\Sebastian\\\\Desktop\\\\Sebastian\\\\workspaces\\\\side-projects\\\\ts\\\\ifdb-backend\\\\functions\\\\node_modules\\\\firebase-admin\\\\lib\\\\index.js\"}"}}
[debug] [2022-11-12T22:51:54.980Z] [runtime-status] [19572] Resolved module firebase-functions {"declared":true,"installed":true,"version":"3.22.0","resolution":"C:\\Users\\Sebastian\\Desktop\\Sebastian\\workspaces\\side-projects\\ts\\ifdb-backend\\functions\\node_modules\\firebase-functions\\lib\\index.js"} {"metadata":{"emulator":{"name":"functions"},"message":"[runtime-status] [19572] Resolved module firebase-functions {\"declared\":true,\"installed\":true,\"version\":\"3.22.0\",\"resolution\":\"C:\\\\Users\\\\Sebastian\\\\Desktop\\\\Sebastian\\\\workspaces\\\\side-projects\\\\ts\\\\ifdb-backend\\\\functions\\\\node_modules\\\\firebase-functions\\\\lib\\\\index.js\"}"}}
[debug] [2022-11-12T22:51:54.980Z] [runtime-status] [19572] Outgoing network have been stubbed. [{"name":"http","status":"mocked"},{"name":"http","status":"mocked"},{"name":"https","status":"mocked"},{"name":"https","status":"mocked"},{"name":"net","status":"mocked"}] {"metadata":{"emulator":{"name":"functions"},"message":"[runtime-status] [19572] Outgoing network have been stubbed. [{\"name\":\"http\",\"status\":\"mocked\"},{\"name\":\"http\",\"status\":\"mocked\"},{\"name\":\"https\",\"status\":\"mocked\"},{\"name\":\"https\",\"status\":\"mocked\"},{\"name\":\"net\",\"status\":\"mocked\"}]"}}
[debug] [2022-11-12T22:51:54.981Z] [runtime-status] [19572] Resolved module firebase-functions {"declared":true,"installed":true,"version":"3.22.0","resolution":"C:\\Users\\Sebastian\\Desktop\\Sebastian\\workspaces\\side-projects\\ts\\ifdb-backend\\functions\\node_modules\\firebase-functions\\lib\\index.js"} {"metadata":{"emulator":{"name":"functions"},"message":"[runtime-status] [19572] Resolved module firebase-functions {\"declared\":true,\"installed\":true,\"version\":\"3.22.0\",\"resolution\":\"C:\\\\Users\\\\Sebastian\\\\Desktop\\\\Sebastian\\\\workspaces\\\\side-projects\\\\ts\\\\ifdb-backend\\\\functions\\\\node_modules\\\\firebase-functions\\\\lib\\\\index.js\"}"}}
[debug] [2022-11-12T22:51:54.981Z] [runtime-status] [19572] Checked functions.config() {"config":{}} {"metadata":{"emulator":{"name":"functions"},"message":"[runtime-status] [19572] Checked functions.config() {\"config\":{}}"}}
[debug] [2022-11-12T22:51:54.981Z] [runtime-status] [19572] firebase-functions has been stubbed. {"functionsResolution":{"declared":true,"installed":true,"version":"3.22.0","resolution":"C:\\Users\\Sebastian\\Desktop\\Sebastian\\workspaces\\side-projects\\ts\\ifdb-backend\\functions\\node_modules\\firebase-functions\\lib\\index.js"}} {"metadata":{"emulator":{"name":"functions"},"message":"[runtime-status] [19572] firebase-functions has been stubbed. {\"functionsResolution\":{\"declared\":true,\"installed\":true,\"version\":\"3.22.0\",\"resolution\":\"C:\\\\Users\\\\Sebastian\\\\Desktop\\\\Sebastian\\\\workspaces\\\\side-projects\\\\ts\\\\ifdb-backend\\\\functions\\\\node_modules\\\\firebase-functions\\\\lib\\\\index.js\"}}"}}
[debug] [2022-11-12T22:51:54.982Z] [runtime-status] [19572] Resolved module firebase-functions {"declared":true,"installed":true,"version":"3.22.0","resolution":"C:\\Users\\Sebastian\\Desktop\\Sebastian\\workspaces\\side-projects\\ts\\ifdb-backend\\functions\\node_modules\\firebase-functions\\lib\\index.js"} {"metadata":{"emulator":{"name":"functions"},"message":"[runtime-status] [19572] Resolved module firebase-functions {\"declared\":true,\"installed\":true,\"version\":\"3.22.0\",\"resolution\":\"C:\\\\Users\\\\Sebastian\\\\Desktop\\\\Sebastian\\\\workspaces\\\\side-projects\\\\ts\\\\ifdb-backend\\\\functions\\\\node_modules\\\\firebase-functions\\\\lib\\\\index.js\"}"}}
[debug] [2022-11-12T22:51:54.982Z] [runtime-status] [19572] Resolved module firebase-admin {"declared":true,"installed":true,"version":"9.12.0","resolution":"C:\\Users\\Sebastian\\Desktop\\Sebastian\\workspaces\\side-projects\\ts\\ifdb-backend\\functions\\node_modules\\firebase-admin\\lib\\index.js"} {"metadata":{"emulator":{"name":"functions"},"message":"[runtime-status] [19572] Resolved module firebase-admin {\"declared\":true,\"installed\":true,\"version\":\"9.12.0\",\"resolution\":\"C:\\\\Users\\\\Sebastian\\\\Desktop\\\\Sebastian\\\\workspaces\\\\side-projects\\\\ts\\\\ifdb-backend\\\\functions\\\\node_modules\\\\firebase-admin\\\\lib\\\\index.js\"}"}}
[debug] [2022-11-12T22:51:54.982Z] [runtime-status] [19572] Resolved module firebase-functions {"declared":true,"installed":true,"version":"3.22.0","resolution":"C:\\Users\\Sebastian\\Desktop\\Sebastian\\workspaces\\side-projects\\ts\\ifdb-backend\\functions\\node_modules\\firebase-functions\\lib\\index.js"} {"metadata":{"emulator":{"name":"functions"},"message":"[runtime-status] [19572] Resolved module firebase-functions {\"declared\":true,\"installed\":true,\"version\":\"3.22.0\",\"resolution\":\"C:\\\\Users\\\\Sebastian\\\\Desktop\\\\Sebastian\\\\workspaces\\\\side-projects\\\\ts\\\\ifdb-backend\\\\functions\\\\node_modules\\\\firebase-functions\\\\lib\\\\index.js\"}"}}
[debug] [2022-11-12T22:51:54.983Z] [runtime-status] [19572] firebase-admin has been stubbed. {"adminResolution":{"declared":true,"installed":true,"version":"9.12.0","resolution":"C:\\Users\\Sebastian\\Desktop\\Sebastian\\workspaces\\side-projects\\ts\\ifdb-backend\\functions\\node_modules\\firebase-admin\\lib\\index.js"}} {"metadata":{"emulator":{"name":"functions"},"message":"[runtime-status] [19572] firebase-admin has been stubbed. {\"adminResolution\":{\"declared\":true,\"installed\":true,\"version\":\"9.12.0\",\"resolution\":\"C:\\\\Users\\\\Sebastian\\\\Desktop\\\\Sebastian\\\\workspaces\\\\side-projects\\\\ts\\\\ifdb-backend\\\\functions\\\\node_modules\\\\firebase-admin\\\\lib\\\\index.js\"}}"}}
[info] +  functions[us-central1-default]: http function initialized (http://0.0.0.0:5001/filmaholiks/us-central1/default). {"metadata":{"emulator":{"name":"functions"},"message":"\u001b[1mhttp\u001b[22m function initialized (http://0.0.0.0:5001/filmaholiks/us-central1/default)."}}
[info] 
┌─────────────────────────────────────────────────────────────┐
│ ✔  All emulators ready! It is now safe to connect your app. │
│ i  View Emulator UI at http://localhost:4000                │
└─────────────────────────────────────────────────────────────┘

┌───────────┬──────────────┬─────────────────────────────────┐
│ Emulator  │ Host:Port    │ View in Emulator UI             │
├───────────┼──────────────┼─────────────────────────────────┤
│ Functions │ 0.0.0.0:5001 │ http://localhost:4000/functions │
└───────────┴──────────────┴─────────────────────────────────┘
  Emulator Hub running at localhost:4400
  Other reserved ports: 4500

Issues? Report them at https://github.com/firebase/firebase-tools/issues and attach the *-debug.log files.
 
[debug] [2022-11-12T22:51:55.711Z] [worker-~diagnostic~-f1afc18c-289a-4e1d-a4d8-cece8325f401]: IDLE {"metadata":{"emulator":{"name":"functions"},"message":"[worker-~diagnostic~-f1afc18c-289a-4e1d-a4d8-cece8325f401]: IDLE"}}
[debug] [2022-11-12T22:52:08.467Z] [work-queue] {"queueLength":1,"workRunningCount":0}
[debug] [2022-11-12T22:52:08.468Z] [work-queue] {"queueLength":0,"workRunningCount":1}
[debug] [2022-11-12T22:52:08.468Z] Accepted request GET /filmaholiks/us-central1/default/explore/person --> us-central1-default
[debug] [2022-11-12T22:52:08.478Z] [worker-pool] addWorker(us-central1-default) {"metadata":{"emulator":{"name":"functions"},"message":"[worker-pool] addWorker(us-central1-default)"}}
[debug] [2022-11-12T22:52:08.478Z] [worker-pool] Adding worker with key us-central1-default, total=1 {"metadata":{"emulator":{"name":"functions"},"message":"[worker-pool] Adding worker with key us-central1-default, total=1"}}
[debug] [2022-11-12T22:52:08.478Z] [worker-pool] submitWork(triggerId=us-central1-default) {"metadata":{"emulator":{"name":"functions"},"message":"[worker-pool] submitWork(triggerId=us-central1-default)"}}
[debug] [2022-11-12T22:52:08.479Z] [worker-us-central1-default-7f59ebd0-e48e-4321-bace-4ac414cb0aa1]: Assigning socketPath: \\?\pipe\C:\Users\Sebastian\Desktop\Sebastian\workspaces\side-projects\ts\ifdb-backend\functions\77484 {"metadata":{"emulator":{"name":"functions"},"message":"[worker-us-central1-default-7f59ebd0-e48e-4321-bace-4ac414cb0aa1]: Assigning socketPath: \\\\?\\pipe\\C:\\Users\\Sebastian\\Desktop\\Sebastian\\workspaces\\side-projects\\ts\\ifdb-backend\\functions\\77484"}}
[debug] [2022-11-12T22:52:08.479Z] [worker-us-central1-default-7f59ebd0-e48e-4321-bace-4ac414cb0aa1]: BUSY {"metadata":{"emulator":{"name":"functions"},"message":"[worker-us-central1-default-7f59ebd0-e48e-4321-bace-4ac414cb0aa1]: BUSY"}}
[debug] [2022-11-12T22:52:08.677Z] [runtime-status] [77484] Functions runtime initialized. {"cwd":"C:\\Users\\Sebastian\\Desktop\\Sebastian\\workspaces\\side-projects\\ts\\ifdb-backend\\functions","node_version":"16.13.0"} {"metadata":{"emulator":{"name":"functions"},"function":{"name":"us-central1-default"},"message":"[runtime-status] [77484] Functions runtime initialized. {\"cwd\":\"C:\\\\Users\\\\Sebastian\\\\Desktop\\\\Sebastian\\\\workspaces\\\\side-projects\\\\ts\\\\ifdb-backend\\\\functions\",\"node_version\":\"16.13.0\"}"}}
[debug] [2022-11-12T22:52:08.677Z] [runtime-status] [77484] Disabled runtime features: undefined {"metadata":{"emulator":{"name":"functions"},"function":{"name":"us-central1-default"},"message":"[runtime-status] [77484] Disabled runtime features: undefined"}}
[debug] [2022-11-12T22:52:08.682Z] [runtime-status] [77484] Resolved module firebase-admin {"declared":true,"installed":true,"version":"9.12.0","resolution":"C:\\Users\\Sebastian\\Desktop\\Sebastian\\workspaces\\side-projects\\ts\\ifdb-backend\\functions\\node_modules\\firebase-admin\\lib\\index.js"} {"metadata":{"emulator":{"name":"functions"},"function":{"name":"us-central1-default"},"message":"[runtime-status] [77484] Resolved module firebase-admin {\"declared\":true,\"installed\":true,\"version\":\"9.12.0\",\"resolution\":\"C:\\\\Users\\\\Sebastian\\\\Desktop\\\\Sebastian\\\\workspaces\\\\side-projects\\\\ts\\\\ifdb-backend\\\\functions\\\\node_modules\\\\firebase-admin\\\\lib\\\\index.js\"}"}}
[debug] [2022-11-12T22:52:08.688Z] [runtime-status] [77484] Resolved module firebase-functions {"declared":true,"installed":true,"version":"3.22.0","resolution":"C:\\Users\\Sebastian\\Desktop\\Sebastian\\workspaces\\side-projects\\ts\\ifdb-backend\\functions\\node_modules\\firebase-functions\\lib\\index.js"} {"metadata":{"emulator":{"name":"functions"},"function":{"name":"us-central1-default"},"message":"[runtime-status] [77484] Resolved module firebase-functions {\"declared\":true,\"installed\":true,\"version\":\"3.22.0\",\"resolution\":\"C:\\\\Users\\\\Sebastian\\\\Desktop\\\\Sebastian\\\\workspaces\\\\side-projects\\\\ts\\\\ifdb-backend\\\\functions\\\\node_modules\\\\firebase-functions\\\\lib\\\\index.js\"}"}}
[debug] [2022-11-12T22:52:08.690Z] [runtime-status] [77484] Outgoing network have been stubbed. [{"name":"http","status":"mocked"},{"name":"http","status":"mocked"},{"name":"https","status":"mocked"},{"name":"https","status":"mocked"},{"name":"net","status":"mocked"}] {"metadata":{"emulator":{"name":"functions"},"function":{"name":"us-central1-default"},"message":"[runtime-status] [77484] Outgoing network have been stubbed. [{\"name\":\"http\",\"status\":\"mocked\"},{\"name\":\"http\",\"status\":\"mocked\"},{\"name\":\"https\",\"status\":\"mocked\"},{\"name\":\"https\",\"status\":\"mocked\"},{\"name\":\"net\",\"status\":\"mocked\"}]"}}
[debug] [2022-11-12T22:52:08.692Z] [runtime-status] [77484] Resolved module firebase-functions {"declared":true,"installed":true,"version":"3.22.0","resolution":"C:\\Users\\Sebastian\\Desktop\\Sebastian\\workspaces\\side-projects\\ts\\ifdb-backend\\functions\\node_modules\\firebase-functions\\lib\\index.js"} {"metadata":{"emulator":{"name":"functions"},"function":{"name":"us-central1-default"},"message":"[runtime-status] [77484] Resolved module firebase-functions {\"declared\":true,\"installed\":true,\"version\":\"3.22.0\",\"resolution\":\"C:\\\\Users\\\\Sebastian\\\\Desktop\\\\Sebastian\\\\workspaces\\\\side-projects\\\\ts\\\\ifdb-backend\\\\functions\\\\node_modules\\\\firebase-functions\\\\lib\\\\index.js\"}"}}
[debug] [2022-11-12T22:52:08.750Z] [runtime-status] [77484] Checked functions.config() {"config":{}} {"metadata":{"emulator":{"name":"functions"},"function":{"name":"us-central1-default"},"message":"[runtime-status] [77484] Checked functions.config() {\"config\":{}}"}}
[debug] [2022-11-12T22:52:08.751Z] [runtime-status] [77484] firebase-functions has been stubbed. {"functionsResolution":{"declared":true,"installed":true,"version":"3.22.0","resolution":"C:\\Users\\Sebastian\\Desktop\\Sebastian\\workspaces\\side-projects\\ts\\ifdb-backend\\functions\\node_modules\\firebase-functions\\lib\\index.js"}} {"metadata":{"emulator":{"name":"functions"},"function":{"name":"us-central1-default"},"message":"[runtime-status] [77484] firebase-functions has been stubbed. {\"functionsResolution\":{\"declared\":true,\"installed\":true,\"version\":\"3.22.0\",\"resolution\":\"C:\\\\Users\\\\Sebastian\\\\Desktop\\\\Sebastian\\\\workspaces\\\\side-projects\\\\ts\\\\ifdb-backend\\\\functions\\\\node_modules\\\\firebase-functions\\\\lib\\\\index.js\"}}"}}
[debug] [2022-11-12T22:52:08.751Z] [runtime-status] [77484] Resolved module firebase-functions {"declared":true,"installed":true,"version":"3.22.0","resolution":"C:\\Users\\Sebastian\\Desktop\\Sebastian\\workspaces\\side-projects\\ts\\ifdb-backend\\functions\\node_modules\\firebase-functions\\lib\\index.js"} {"metadata":{"emulator":{"name":"functions"},"function":{"name":"us-central1-default"},"message":"[runtime-status] [77484] Resolved module firebase-functions {\"declared\":true,\"installed\":true,\"version\":\"3.22.0\",\"resolution\":\"C:\\\\Users\\\\Sebastian\\\\Desktop\\\\Sebastian\\\\workspaces\\\\side-projects\\\\ts\\\\ifdb-backend\\\\functions\\\\node_modules\\\\firebase-functions\\\\lib\\\\index.js\"}"}}
[debug] [2022-11-12T22:52:08.753Z] [runtime-status] [77484] Resolved module firebase-admin {"declared":true,"installed":true,"version":"9.12.0","resolution":"C:\\Users\\Sebastian\\Desktop\\Sebastian\\workspaces\\side-projects\\ts\\ifdb-backend\\functions\\node_modules\\firebase-admin\\lib\\index.js"} {"metadata":{"emulator":{"name":"functions"},"function":{"name":"us-central1-default"},"message":"[runtime-status] [77484] Resolved module firebase-admin {\"declared\":true,\"installed\":true,\"version\":\"9.12.0\",\"resolution\":\"C:\\\\Users\\\\Sebastian\\\\Desktop\\\\Sebastian\\\\workspaces\\\\side-projects\\\\ts\\\\ifdb-backend\\\\functions\\\\node_modules\\\\firebase-admin\\\\lib\\\\index.js\"}"}}
[debug] [2022-11-12T22:52:08.754Z] [runtime-status] [77484] Resolved module firebase-functions {"declared":true,"installed":true,"version":"3.22.0","resolution":"C:\\Users\\Sebastian\\Desktop\\Sebastian\\workspaces\\side-projects\\ts\\ifdb-backend\\functions\\node_modules\\firebase-functions\\lib\\index.js"} {"metadata":{"emulator":{"name":"functions"},"function":{"name":"us-central1-default"},"message":"[runtime-status] [77484] Resolved module firebase-functions {\"declared\":true,\"installed\":true,\"version\":\"3.22.0\",\"resolution\":\"C:\\\\Users\\\\Sebastian\\\\Desktop\\\\Sebastian\\\\workspaces\\\\side-projects\\\\ts\\\\ifdb-backend\\\\functions\\\\node_modules\\\\firebase-functions\\\\lib\\\\index.js\"}"}}
[debug] [2022-11-12T22:52:08.754Z] [runtime-status] [77484] firebase-admin has been stubbed. {"adminResolution":{"declared":true,"installed":true,"version":"9.12.0","resolution":"C:\\Users\\Sebastian\\Desktop\\Sebastian\\workspaces\\side-projects\\ts\\ifdb-backend\\functions\\node_modules\\firebase-admin\\lib\\index.js"}} {"metadata":{"emulator":{"name":"functions"},"function":{"name":"us-central1-default"},"message":"[runtime-status] [77484] firebase-admin has been stubbed. {\"adminResolution\":{\"declared\":true,\"installed\":true,\"version\":\"9.12.0\",\"resolution\":\"C:\\\\Users\\\\Sebastian\\\\Desktop\\\\Sebastian\\\\workspaces\\\\side-projects\\\\ts\\\\ifdb-backend\\\\functions\\\\node_modules\\\\firebase-admin\\\\lib\\\\index.js\"}}"}}
[debug] [2022-11-12T22:52:09.321Z] [runtime-status] [77484] Trigger "us-central1-default" has been found, beginning invocation! {"metadata":{"emulator":{"name":"functions"},"function":{"name":"us-central1-default"},"message":"[runtime-status] [77484] Trigger \"us-central1-default\" has been found, beginning invocation!"}}
[info] i  functions: Beginning execution of "us-central1-default" {"metadata":{"emulator":{"name":"functions"},"function":{"name":"us-central1-default"},"message":"Beginning execution of \"us-central1-default\""}}
[debug] [2022-11-12T22:52:09.322Z] [runtime-status] [77484] triggerDefinition {"httpsTrigger":{},"name":"default","entryPoint":"default","regions":["us-central1"],"region":"us-central1","id":"us-central1-default","platform":"gcfv1"} {"metadata":{"emulator":{"name":"functions"},"function":{"name":"us-central1-default"},"message":"[runtime-status] [77484] triggerDefinition {\"httpsTrigger\":{},\"name\":\"default\",\"entryPoint\":\"default\",\"regions\":[\"us-central1\"],\"region\":\"us-central1\",\"id\":\"us-central1-default\",\"platform\":\"gcfv1\"}"}}
[debug] [2022-11-12T22:52:09.323Z] [runtime-status] [77484] Running us-central1-default in signature http {"metadata":{"emulator":{"name":"functions"},"function":{"name":"us-central1-default"},"message":"[runtime-status] [77484] Running us-central1-default in signature http"}}
[debug] [2022-11-12T22:52:09.329Z] [runtime-status] [77484] Attempting to listen to socketPath: \\?\pipe\C:\Users\Sebastian\Desktop\Sebastian\workspaces\side-projects\ts\ifdb-backend\functions\77484 {"metadata":{"emulator":{"name":"functions"},"function":{"name":"us-central1-default"},"message":"[runtime-status] [77484] Attempting to listen to socketPath: \\\\?\\pipe\\C:\\Users\\Sebastian\\Desktop\\Sebastian\\workspaces\\side-projects\\ts\\ifdb-backend\\functions\\77484"}}
[debug] [2022-11-12T22:52:09.334Z] [functions] Runtime ready! Sending request! {"metadata":{"emulator":{"name":"functions"},"message":"[functions] Runtime ready! Sending request!"}}
[debug] [2022-11-12T22:52:09.335Z] [functions] Got req.url=/filmaholiks/us-central1/default/explore/person, mapping to path=/explore/person {"metadata":{"emulator":{"name":"functions"},"message":"[functions] Got req.url=/filmaholiks/us-central1/default/explore/person, mapping to path=/explore/person"}}
[debug] [2022-11-12T22:52:09.343Z] [runtime-status] [77484] Ephemeral server handling GET request {"metadata":{"emulator":{"name":"functions"},"function":{"name":"us-central1-default"},"message":"[runtime-status] [77484] Ephemeral server handling GET request"}}
[debug] [2022-11-12T22:52:09.389Z] [runtime-status] [77484] Ephemeral server survived. {"metadata":{"emulator":{"name":"functions"},"function":{"name":"us-central1-default"},"message":"[runtime-status] [77484] Ephemeral server survived."}}
[info] >  { meta: {}, level: 'info', message: 'HTTP GET /explore/person' } {"user":"\u001b[32m{ meta: {}, level: 'info', message: 'HTTP GET /explore/person' }\u001b[39m\r","metadata":{"emulator":{"name":"functions"},"function":{"name":"us-central1-default"},"message":"\u001b[90m> \u001b[39m \u001b[32m{ meta: {}, level: 'info', message: 'HTTP GET /explore/person' }\u001b[39m\r"}}
[info] i  functions: Finished "us-central1-default" in ~1s {"metadata":{"emulator":{"name":"functions"},"function":{"name":"us-central1-default"},"message":"Finished \"us-central1-default\" in ~1s"}}
[debug] [2022-11-12T22:52:10.079Z] [worker-us-central1-default-7f59ebd0-e48e-4321-bace-4ac414cb0aa1]: IDLE {"metadata":{"emulator":{"name":"functions"},"message":"[worker-us-central1-default-7f59ebd0-e48e-4321-bace-4ac414cb0aa1]: IDLE"}}
[debug] [2022-11-12T22:52:10.079Z] [work-queue] {"queueLength":0,"workRunningCount":0}
[debug] [2022-11-12T22:54:27.764Z] [work-queue] {"queueLength":1,"workRunningCount":0}
[debug] [2022-11-12T22:54:27.764Z] [work-queue] {"queueLength":0,"workRunningCount":1}
[debug] [2022-11-12T22:54:27.764Z] Accepted request GET /filmaholiks/us-central1/default/explore/person --> us-central1-default
[debug] [2022-11-12T22:54:27.765Z] [worker-pool] submitWork(triggerId=us-central1-default) {"metadata":{"emulator":{"name":"functions"},"message":"[worker-pool] submitWork(triggerId=us-central1-default)"}}
[debug] [2022-11-12T22:54:27.765Z] [worker-us-central1-default-7f59ebd0-e48e-4321-bace-4ac414cb0aa1]: Assigning socketPath: \\?\pipe\C:\Users\Sebastian\Desktop\Sebastian\workspaces\side-projects\ts\ifdb-backend\functions\77484 {"metadata":{"emulator":{"name":"functions"},"message":"[worker-us-central1-default-7f59ebd0-e48e-4321-bace-4ac414cb0aa1]: Assigning socketPath: \\\\?\\pipe\\C:\\Users\\Sebastian\\Desktop\\Sebastian\\workspaces\\side-projects\\ts\\ifdb-backend\\functions\\77484"}}
[debug] [2022-11-12T22:54:27.765Z] [worker-us-central1-default-7f59ebd0-e48e-4321-bace-4ac414cb0aa1]: BUSY {"metadata":{"emulator":{"name":"functions"},"message":"[worker-us-central1-default-7f59ebd0-e48e-4321-bace-4ac414cb0aa1]: BUSY"}}
[debug] [2022-11-12T22:54:27.766Z] [runtime-status] [77484] Trigger "us-central1-default" has been found, beginning invocation! {"metadata":{"emulator":{"name":"functions"},"function":{"name":"us-central1-default"},"message":"[runtime-status] [77484] Trigger \"us-central1-default\" has been found, beginning invocation!"}}
[info] i  functions: Beginning execution of "us-central1-default" {"metadata":{"emulator":{"name":"functions"},"function":{"name":"us-central1-default"},"message":"Beginning execution of \"us-central1-default\""}}
[debug] [2022-11-12T22:54:27.767Z] [runtime-status] [77484] triggerDefinition {"httpsTrigger":{},"name":"default","entryPoint":"default","regions":["us-central1"],"region":"us-central1","id":"us-central1-default","platform":"gcfv1"} {"metadata":{"emulator":{"name":"functions"},"function":{"name":"us-central1-default"},"message":"[runtime-status] [77484] triggerDefinition {\"httpsTrigger\":{},\"name\":\"default\",\"entryPoint\":\"default\",\"regions\":[\"us-central1\"],\"region\":\"us-central1\",\"id\":\"us-central1-default\",\"platform\":\"gcfv1\"}"}}
[debug] [2022-11-12T22:54:27.768Z] [runtime-status] [77484] Running us-central1-default in signature http {"metadata":{"emulator":{"name":"functions"},"function":{"name":"us-central1-default"},"message":"[runtime-status] [77484] Running us-central1-default in signature http"}}
[debug] [2022-11-12T22:54:27.768Z] [runtime-status] [77484] Attempting to listen to socketPath: \\?\pipe\C:\Users\Sebastian\Desktop\Sebastian\workspaces\side-projects\ts\ifdb-backend\functions\77484 {"metadata":{"emulator":{"name":"functions"},"function":{"name":"us-central1-default"},"message":"[runtime-status] [77484] Attempting to listen to socketPath: \\\\?\\pipe\\C:\\Users\\Sebastian\\Desktop\\Sebastian\\workspaces\\side-projects\\ts\\ifdb-backend\\functions\\77484"}}
[debug] [2022-11-12T22:54:27.770Z] [functions] Runtime ready! Sending request! {"metadata":{"emulator":{"name":"functions"},"message":"[functions] Runtime ready! Sending request!"}}
[debug] [2022-11-12T22:54:27.771Z] [functions] Got req.url=/filmaholiks/us-central1/default/explore/person, mapping to path=/explore/person {"metadata":{"emulator":{"name":"functions"},"message":"[functions] Got req.url=/filmaholiks/us-central1/default/explore/person, mapping to path=/explore/person"}}
[debug] [2022-11-12T22:54:27.777Z] [runtime-status] [77484] Ephemeral server handling GET request {"metadata":{"emulator":{"name":"functions"},"function":{"name":"us-central1-default"},"message":"[runtime-status] [77484] Ephemeral server handling GET request"}}
[debug] [2022-11-12T22:54:27.782Z] [runtime-status] [77484] Ephemeral server survived. {"metadata":{"emulator":{"name":"functions"},"function":{"name":"us-central1-default"},"message":"[runtime-status] [77484] Ephemeral server survived."}}
[info] >  { meta: {}, level: 'info', message: 'HTTP GET /explore/person' } {"user":"\u001b[32m{ meta: {}, level: 'info', message: 'HTTP GET /explore/person' }\u001b[39m\r","metadata":{"emulator":{"name":"functions"},"function":{"name":"us-central1-default"},"message":"\u001b[90m> \u001b[39m \u001b[32m{ meta: {}, level: 'info', message: 'HTTP GET /explore/person' }\u001b[39m\r"}}
[info] i  functions: Finished "us-central1-default" in ~1s {"metadata":{"emulator":{"name":"functions"},"function":{"name":"us-central1-default"},"message":"Finished \"us-central1-default\" in ~1s"}}
[debug] [2022-11-12T22:54:28.434Z] [worker-us-central1-default-7f59ebd0-e48e-4321-bace-4ac414cb0aa1]: IDLE {"metadata":{"emulator":{"name":"functions"},"message":"[worker-us-central1-default-7f59ebd0-e48e-4321-bace-4ac414cb0aa1]: IDLE"}}
[debug] [2022-11-12T22:54:28.434Z] [work-queue] {"queueLength":0,"workRunningCount":0}
